<?xml version="1.0" encoding="UTF-8"?>
<testng-results skipped="0" failed="0" ignored="0" total="1" passed="1">
  <reporter-output>
  </reporter-output>
  <suite name="Suite" duration-ms="72" started-at="2020-05-07T18:59:58 IST" finished-at="2020-05-07T18:59:58 IST">
    <groups>
    </groups>
    <test name="Test" duration-ms="72" started-at="2020-05-07T18:59:58 IST" finished-at="2020-05-07T18:59:58 IST">
      <class name="p.Q.A">
        <test-method status="PASS" signature="AA()[pri:0, instance:p.Q.A@3a883ce7]" name="AA" duration-ms="12" started-at="2020-05-07T18:59:58 IST" finished-at="2020-05-07T18:59:58 IST">
          <reporter-output>
          </reporter-output>
        </test-method> <!-- AA -->
      </class> <!-- p.Q.A -->
    </test> <!-- Test -->
  </suite> <!-- Suite -->
</testng-results>
