<?xml version="1.0" encoding="UTF-8"?>
<testng-results skipped="0" failed="0" ignored="0" total="1" passed="1">
  <reporter-output>
  </reporter-output>
  <suite name="Suite" duration-ms="44" started-at="2020-04-27T11:13:07Z" finished-at="2020-04-27T11:13:07Z">
    <groups>
    </groups>
    <test name="Test" duration-ms="44" started-at="2020-04-27T11:13:07Z" finished-at="2020-04-27T11:13:07Z">
      <class name="p.Q.A">
        <test-method status="PASS" signature="AA()[pri:0, instance:p.Q.A@14acaea5]" name="AA" duration-ms="19" started-at="2020-04-27T16:43:07Z" finished-at="2020-04-27T16:43:07Z">
          <reporter-output>
          </reporter-output>
        </test-method> <!-- AA -->
      </class> <!-- p.Q.A -->
    </test> <!-- Test -->
  </suite> <!-- Suite -->
</testng-results>
